<?xml version="1.0" encoding="UTF-8"?>
<!-- Generated by org.testng.reporters.JUnitXMLReporter -->
<testsuite ignored="1" hostname="Abhijit" failures="0" tests="1" name="Test2" time="7.7" errors="0" timestamp="2023-09-05T13:47:35 BST">
  <testcase classname="testCase.Tc_001_AccountRegistration" name="testAccountRegistation" time="2.172"/>
  <testcase classname="testCase.Tc_002_LoginTest" name="TestLoginAcc" time="0.0">
    <ignored/>
  </testcase> <!-- TestLoginAcc -->
</testsuite> <!-- Test2 -->
