<?xml version="1.0" encoding="UTF-8"?>
<testng-results ignored="0" total="2" passed="2" failed="0" skipped="0">
  <reporter-output>
  </reporter-output>
  <suite started-at="2023-09-06T00:42:01 BST" name="Suite" finished-at="2023-09-06T00:42:25 BST" duration-ms="23312">
    <groups>
      <group name="regression">
        <method signature="Tc_001_AccountRegistration.testAccountRegistation()[pri:0, instance:testCase.Tc_001_AccountRegistration@2a3b5b47]" name="testAccountRegistation" class="testCase.Tc_001_AccountRegistration"/>
      </group> <!-- regression -->
      <group name="sanity">
        <method signature="Tc_002_LoginTest.TestLoginAcc()[pri:0, instance:testCase.Tc_002_LoginTest@313ac989]" name="TestLoginAcc" class="testCase.Tc_002_LoginTest"/>
      </group> <!-- sanity -->
      <group name="master">
        <method signature="Tc_001_AccountRegistration.testAccountRegistation()[pri:0, instance:testCase.Tc_001_AccountRegistration@2a3b5b47]" name="testAccountRegistation" class="testCase.Tc_001_AccountRegistration"/>
        <method signature="Tc_002_LoginTest.TestLoginAcc()[pri:0, instance:testCase.Tc_002_LoginTest@313ac989]" name="TestLoginAcc" class="testCase.Tc_002_LoginTest"/>
      </group> <!-- master -->
    </groups>
    <test started-at="2023-09-06T00:42:01 BST" name="Test" finished-at="2023-09-06T00:42:25 BST" duration-ms="23312">
      <class name="testCase.Tc_001_AccountRegistration">
        <test-method is-config="true" signature="SetUp(java.lang.String)[pri:0, instance:testCase.Tc_001_AccountRegistration@2a3b5b47]" started-at="2023-09-06T00:42:02 BST" name="SetUp" finished-at="2023-09-06T00:42:10 BST" duration-ms="7967" status="PASS">
          <params>
            <param index="0">
              <value>
                <![CDATA[chrome]]>
              </value>
            </param>
          </params>
          <reporter-output>
          </reporter-output>
        </test-method> <!-- SetUp -->
        <test-method signature="testAccountRegistation()[pri:0, instance:testCase.Tc_001_AccountRegistration@2a3b5b47]" started-at="2023-09-06T00:42:10 BST" name="testAccountRegistation" finished-at="2023-09-06T00:42:18 BST" duration-ms="8223" status="PASS">
          <reporter-output>
          </reporter-output>
        </test-method> <!-- testAccountRegistation -->
        <test-method is-config="true" signature="TearDown()[pri:0, instance:testCase.Tc_001_AccountRegistration@2a3b5b47]" started-at="2023-09-06T00:42:18 BST" name="TearDown" finished-at="2023-09-06T00:42:18 BST" duration-ms="93" status="PASS">
          <reporter-output>
          </reporter-output>
        </test-method> <!-- TearDown -->
      </class> <!-- testCase.Tc_001_AccountRegistration -->
      <class name="testCase.Tc_002_LoginTest">
        <test-method is-config="true" signature="SetUp(java.lang.String)[pri:0, instance:testCase.Tc_002_LoginTest@313ac989]" started-at="2023-09-06T00:42:18 BST" name="SetUp" finished-at="2023-09-06T00:42:23 BST" duration-ms="4911" status="PASS">
          <params>
            <param index="0">
              <value>
                <![CDATA[chrome]]>
              </value>
            </param>
          </params>
          <reporter-output>
          </reporter-output>
        </test-method> <!-- SetUp -->
        <test-method signature="TestLoginAcc()[pri:0, instance:testCase.Tc_002_LoginTest@313ac989]" started-at="2023-09-06T00:42:23 BST" name="TestLoginAcc" finished-at="2023-09-06T00:42:24 BST" duration-ms="1662" status="PASS">
          <reporter-output>
          </reporter-output>
        </test-method> <!-- TestLoginAcc -->
        <test-method is-config="true" signature="TearDown()[pri:0, instance:testCase.Tc_002_LoginTest@313ac989]" started-at="2023-09-06T00:42:24 BST" name="TearDown" finished-at="2023-09-06T00:42:25 BST" duration-ms="109" status="PASS">
          <reporter-output>
          </reporter-output>
        </test-method> <!-- TearDown -->
      </class> <!-- testCase.Tc_002_LoginTest -->
    </test> <!-- Test -->
  </suite> <!-- Suite -->
</testng-results>
